C:\Program Files (x86)\Microsoft Visual Studio\2019\Community\MSBuild\Microsoft\VC\v160\Microsoft.CppBuild.targets(513,5): warning MSB8028: The intermediate directory (x64\Debug\) contains files shared from another project (AngryBirds.vcxproj).  This can lead to incorrect clean and rebuild behavior.
  Scene.cpp
C:\Users\Main\Desktop\University\S4 GD2P02 - Physics Programming\AngryBirds\AngryBirds\PhysicsProject\Scene.cpp(55,31): warning C4244: 'argument': conversion from 'const double' to 'float', possible loss of data
C:\Users\Main\Desktop\University\S4 GD2P02 - Physics Programming\AngryBirds\AngryBirds\PhysicsProject\Scene.cpp(59,29): warning C4244: 'argument': conversion from 'const double' to 'float', possible loss of data
C:\Users\Main\Desktop\University\S4 GD2P02 - Physics Programming\AngryBirds\AngryBirds\PhysicsProject\Scene.cpp(82,56): warning C4244: 'argument': conversion from 'const double' to 'float', possible loss of data
C:\Users\Main\Desktop\University\S4 GD2P02 - Physics Programming\AngryBirds\AngryBirds\PhysicsProject\Scene.cpp(88,51): warning C4244: 'argument': conversion from 'int' to 'T', possible loss of data
          with
          [
              T=float
          ]
C:\Users\Main\Desktop\University\S4 GD2P02 - Physics Programming\AngryBirds\AngryBirds\PhysicsProject\Scene.cpp(88,68): warning C4244: 'argument': conversion from 'const double' to 'float', possible loss of data
C:\Users\Main\Desktop\University\S4 GD2P02 - Physics Programming\AngryBirds\AngryBirds\PhysicsProject\Scene.cpp(91,57): warning C4244: 'argument': conversion from 'const double' to 'float', possible loss of data
C:\Users\Main\Desktop\University\S4 GD2P02 - Physics Programming\AngryBirds\AngryBirds\PhysicsProject\Scene.cpp(92,57): warning C4244: 'argument': conversion from 'const double' to 'float', possible loss of data
C:\Users\Main\Desktop\University\S4 GD2P02 - Physics Programming\AngryBirds\AngryBirds\PhysicsProject\Scene.cpp(93,57): warning C4244: 'argument': conversion from 'const double' to 'float', possible loss of data
C:\Users\Main\Desktop\University\S4 GD2P02 - Physics Programming\AngryBirds\AngryBirds\PhysicsProject\Scene.cpp(105,51): warning C4244: 'argument': conversion from 'int' to 'T', possible loss of data
          with
          [
              T=float
          ]
C:\Users\Main\Desktop\University\S4 GD2P02 - Physics Programming\AngryBirds\AngryBirds\PhysicsProject\Scene.cpp(105,67): warning C4244: 'argument': conversion from 'const double' to 'float', possible loss of data
C:\Users\Main\Desktop\University\S4 GD2P02 - Physics Programming\AngryBirds\AngryBirds\PhysicsProject\Scene.cpp(125,51): warning C4244: 'argument': conversion from 'int' to 'T', possible loss of data
          with
          [
              T=float
          ]
C:\Users\Main\Desktop\University\S4 GD2P02 - Physics Programming\AngryBirds\AngryBirds\PhysicsProject\Scene.cpp(125,67): warning C4244: 'argument': conversion from 'const double' to 'float', possible loss of data
  AngryBirds.vcxproj -> C:\Users\Main\Desktop\University\S4 GD2P02 - Physics Programming\AngryBirds\AngryBirds\x64\Debug\PhysicsProject.exe
