C:\Program Files (x86)\Microsoft Visual Studio\2019\Community\MSBuild\Microsoft\VC\v160\Microsoft.CppBuild.targets(513,5): warning MSB8028: The intermediate directory (x64\Release\) contains files shared from another project (AngryBirds.vcxproj).  This can lead to incorrect clean and rebuild behavior.
  Bird.cpp
  Button.cpp
C:\Users\polo3\Documents\GitHub\AngryBirds\AngryBirds\PhysicsProject\Button.cpp(28,54): warning C4244: 'argument': conversion from 'float' to 'unsigned int', possible loss of data
  Catapult.cpp
C:\Users\polo3\Documents\GitHub\AngryBirds\AngryBirds\PhysicsProject\Catapult.cpp(20,16): warning C4244: 'initializing': conversion from 'T' to 'float', possible loss of data
          with
          [
              T=unsigned int
          ]
C:\Users\polo3\Documents\GitHub\AngryBirds\AngryBirds\PhysicsProject\Catapult.cpp(21,16): warning C4244: 'initializing': conversion from 'T' to 'float', possible loss of data
          with
          [
              T=unsigned int
          ]
  InputManager.cpp
C:\Users\polo3\Documents\GitHub\AngryBirds\AngryBirds\PhysicsProject\InputManager.cpp(96,101): warning C4244: 'argument': conversion from 'T' to 'T', possible loss of data
          with
          [
              T=int
          ]
          and
          [
              T=float
          ]
C:\Users\polo3\Documents\GitHub\AngryBirds\AngryBirds\PhysicsProject\InputManager.cpp(96,66): warning C4244: 'argument': conversion from 'T' to 'T', possible loss of data
          with
          [
              T=int
          ]
          and
          [
              T=float
          ]
C:\Users\polo3\Documents\GitHub\AngryBirds\AngryBirds\PhysicsProject\InputManager.cpp(149,35): warning C4244: 'argument': conversion from 'int' to 'float', possible loss of data
  Joint.cpp
  MouseJoint.cpp
C:\Users\polo3\Documents\GitHub\AngryBirds\AngryBirds\PhysicsProject\MouseJoint.cpp(29,29): warning C4305: '=': truncation from 'double' to 'float'
  Scene.cpp
C:\Users\polo3\Documents\GitHub\AngryBirds\AngryBirds\PhysicsProject\Scene.cpp(21,80): warning C4244: 'argument': conversion from 'const T' to 'T', possible loss of data
          with
          [
              T=float
          ]
          and
          [
              T=int
          ]
C:\Users\polo3\Documents\GitHub\AngryBirds\AngryBirds\PhysicsProject\Scene.cpp(21,56): warning C4244: 'argument': conversion from 'const T' to 'T', possible loss of data
          with
          [
              T=float
          ]
          and
          [
              T=int
          ]
C:\Users\polo3\Documents\GitHub\AngryBirds\AngryBirds\PhysicsProject\Scene.cpp(86,31): warning C4244: 'argument': conversion from 'const double' to 'float', possible loss of data
C:\Users\polo3\Documents\GitHub\AngryBirds\AngryBirds\PhysicsProject\Scene.cpp(91,30): warning C4244: 'argument': conversion from 'const double' to 'float', possible loss of data
C:\Users\polo3\Documents\GitHub\AngryBirds\AngryBirds\PhysicsProject\Scene.cpp(129,56): warning C4244: 'argument': conversion from 'const double' to 'float', possible loss of data
C:\Users\polo3\Documents\GitHub\AngryBirds\AngryBirds\PhysicsProject\Scene.cpp(133,57): warning C4244: 'argument': conversion from 'const double' to 'float', possible loss of data
C:\Users\polo3\Documents\GitHub\AngryBirds\AngryBirds\PhysicsProject\Scene.cpp(134,57): warning C4244: 'argument': conversion from 'const double' to 'float', possible loss of data
C:\Users\polo3\Documents\GitHub\AngryBirds\AngryBirds\PhysicsProject\Scene.cpp(135,57): warning C4244: 'argument': conversion from 'const double' to 'float', possible loss of data
C:\Users\polo3\Documents\GitHub\AngryBirds\AngryBirds\PhysicsProject\Scene.cpp(137,57): warning C4244: 'argument': conversion from 'const double' to 'float', possible loss of data
C:\Users\polo3\Documents\GitHub\AngryBirds\AngryBirds\PhysicsProject\Scene.cpp(139,57): warning C4244: 'argument': conversion from 'const double' to 'float', possible loss of data
C:\Users\polo3\Documents\GitHub\AngryBirds\AngryBirds\PhysicsProject\Scene.cpp(140,57): warning C4244: 'argument': conversion from 'const double' to 'float', possible loss of data
C:\Users\polo3\Documents\GitHub\AngryBirds\AngryBirds\PhysicsProject\Scene.cpp(141,57): warning C4244: 'argument': conversion from 'const double' to 'float', possible loss of data
C:\Users\polo3\Documents\GitHub\AngryBirds\AngryBirds\PhysicsProject\Scene.cpp(142,57): warning C4244: 'argument': conversion from 'const double' to 'float', possible loss of data
C:\Users\polo3\Documents\GitHub\AngryBirds\AngryBirds\PhysicsProject\Scene.cpp(143,57): warning C4244: 'argument': conversion from 'const double' to 'float', possible loss of data
C:\Users\polo3\Documents\GitHub\AngryBirds\AngryBirds\PhysicsProject\Scene.cpp(145,57): warning C4244: 'argument': conversion from 'const double' to 'float', possible loss of data
C:\Users\polo3\Documents\GitHub\AngryBirds\AngryBirds\PhysicsProject\Scene.cpp(146,57): warning C4244: 'argument': conversion from 'const double' to 'float', possible loss of data
C:\Users\polo3\Documents\GitHub\AngryBirds\AngryBirds\PhysicsProject\Scene.cpp(157,57): warning C4244: 'argument': conversion from 'const double' to 'float', possible loss of data
C:\Users\polo3\Documents\GitHub\AngryBirds\AngryBirds\PhysicsProject\Scene.cpp(159,57): warning C4244: 'argument': conversion from 'const double' to 'float', possible loss of data
C:\Users\polo3\Documents\GitHub\AngryBirds\AngryBirds\PhysicsProject\Scene.cpp(161,57): warning C4244: 'argument': conversion from 'const double' to 'float', possible loss of data
C:\Users\polo3\Documents\GitHub\AngryBirds\AngryBirds\PhysicsProject\Scene.cpp(163,57): warning C4244: 'argument': conversion from 'const double' to 'float', possible loss of data
C:\Users\polo3\Documents\GitHub\AngryBirds\AngryBirds\PhysicsProject\Scene.cpp(164,57): warning C4244: 'argument': conversion from 'const double' to 'float', possible loss of data
C:\Users\polo3\Documents\GitHub\AngryBirds\AngryBirds\PhysicsProject\Scene.cpp(165,57): warning C4244: 'argument': conversion from 'const double' to 'float', possible loss of data
C:\Users\polo3\Documents\GitHub\AngryBirds\AngryBirds\PhysicsProject\Scene.cpp(166,57): warning C4244: 'argument': conversion from 'const double' to 'float', possible loss of data
C:\Users\polo3\Documents\GitHub\AngryBirds\AngryBirds\PhysicsProject\Scene.cpp(167,57): warning C4244: 'argument': conversion from 'const double' to 'float', possible loss of data
C:\Users\polo3\Documents\GitHub\AngryBirds\AngryBirds\PhysicsProject\Scene.cpp(169,57): warning C4244: 'argument': conversion from 'const double' to 'float', possible loss of data
C:\Users\polo3\Documents\GitHub\AngryBirds\AngryBirds\PhysicsProject\Scene.cpp(172,57): warning C4244: 'argument': conversion from 'const double' to 'float', possible loss of data
C:\Users\polo3\Documents\GitHub\AngryBirds\AngryBirds\PhysicsProject\Scene.cpp(173,57): warning C4244: 'argument': conversion from 'const double' to 'float', possible loss of data
C:\Users\polo3\Documents\GitHub\AngryBirds\AngryBirds\PhysicsProject\Scene.cpp(175,57): warning C4244: 'argument': conversion from 'const double' to 'float', possible loss of data
C:\Users\polo3\Documents\GitHub\AngryBirds\AngryBirds\PhysicsProject\Scene.cpp(179,58): warning C4244: 'argument': conversion from 'const double' to 'float', possible loss of data
C:\Users\polo3\Documents\GitHub\AngryBirds\AngryBirds\PhysicsProject\Scene.cpp(181,58): warning C4244: 'argument': conversion from 'const double' to 'float', possible loss of data
C:\Users\polo3\Documents\GitHub\AngryBirds\AngryBirds\PhysicsProject\Scene.cpp(182,58): warning C4244: 'argument': conversion from 'const double' to 'float', possible loss of data
C:\Users\polo3\Documents\GitHub\AngryBirds\AngryBirds\PhysicsProject\Scene.cpp(183,58): warning C4244: 'argument': conversion from 'const double' to 'float', possible loss of data
C:\Users\polo3\Documents\GitHub\AngryBirds\AngryBirds\PhysicsProject\Scene.cpp(184,63): warning C4244: 'argument': conversion from 'const double' to 'float', possible loss of data
C:\Users\polo3\Documents\GitHub\AngryBirds\AngryBirds\PhysicsProject\Scene.cpp(186,58): warning C4244: 'argument': conversion from 'const double' to 'float', possible loss of data
C:\Users\polo3\Documents\GitHub\AngryBirds\AngryBirds\PhysicsProject\Scene.cpp(188,58): warning C4244: 'argument': conversion from 'const double' to 'float', possible loss of data
C:\Users\polo3\Documents\GitHub\AngryBirds\AngryBirds\PhysicsProject\Scene.cpp(189,58): warning C4244: 'argument': conversion from 'const double' to 'float', possible loss of data
C:\Users\polo3\Documents\GitHub\AngryBirds\AngryBirds\PhysicsProject\Scene.cpp(190,58): warning C4244: 'argument': conversion from 'const double' to 'float', possible loss of data
C:\Users\polo3\Documents\GitHub\AngryBirds\AngryBirds\PhysicsProject\Scene.cpp(191,63): warning C4244: 'argument': conversion from 'const double' to 'float', possible loss of data
C:\Users\polo3\Documents\GitHub\AngryBirds\AngryBirds\PhysicsProject\Scene.cpp(203,55): warning C4244: 'argument': conversion from 'const double' to 'float', possible loss of data
C:\Users\polo3\Documents\GitHub\AngryBirds\AngryBirds\PhysicsProject\Scene.cpp(207,54): warning C4244: 'argument': conversion from 'int' to 'T', possible loss of data
          with
          [
              T=float
          ]
C:\Users\polo3\Documents\GitHub\AngryBirds\AngryBirds\PhysicsProject\Scene.cpp(207,61): warning C4244: 'argument': conversion from 'const double' to 'float', possible loss of data
C:\Users\polo3\Documents\GitHub\AngryBirds\AngryBirds\PhysicsProject\Scene.cpp(211,55): warning C4244: 'argument': conversion from 'const double' to 'float', possible loss of data
C:\Users\polo3\Documents\GitHub\AngryBirds\AngryBirds\PhysicsProject\Scene.cpp(215,54): warning C4244: 'argument': conversion from 'int' to 'T', possible loss of data
          with
          [
              T=float
          ]
C:\Users\polo3\Documents\GitHub\AngryBirds\AngryBirds\PhysicsProject\Scene.cpp(215,61): warning C4244: 'argument': conversion from 'const double' to 'float', possible loss of data
C:\Users\polo3\Documents\GitHub\AngryBirds\AngryBirds\PhysicsProject\Scene.cpp(221,57): warning C4244: 'argument': conversion from 'const double' to 'float', possible loss of data
C:\Users\polo3\Documents\GitHub\AngryBirds\AngryBirds\PhysicsProject\Scene.cpp(222,57): warning C4244: 'argument': conversion from 'const double' to 'float', possible loss of data
C:\Users\polo3\Documents\GitHub\AngryBirds\AngryBirds\PhysicsProject\Scene.cpp(223,57): warning C4244: 'argument': conversion from 'const double' to 'float', possible loss of data
C:\Users\polo3\Documents\GitHub\AngryBirds\AngryBirds\PhysicsProject\Scene.cpp(224,62): warning C4244: 'argument': conversion from 'const double' to 'float', possible loss of data
C:\Users\polo3\Documents\GitHub\AngryBirds\AngryBirds\PhysicsProject\Scene.cpp(226,57): warning C4244: 'argument': conversion from 'const double' to 'float', possible loss of data
C:\Users\polo3\Documents\GitHub\AngryBirds\AngryBirds\PhysicsProject\Scene.cpp(227,57): warning C4244: 'argument': conversion from 'const double' to 'float', possible loss of data
C:\Users\polo3\Documents\GitHub\AngryBirds\AngryBirds\PhysicsProject\Scene.cpp(228,57): warning C4244: 'argument': conversion from 'const double' to 'float', possible loss of data
C:\Users\polo3\Documents\GitHub\AngryBirds\AngryBirds\PhysicsProject\Scene.cpp(230,57): warning C4244: 'argument': conversion from 'const double' to 'float', possible loss of data
C:\Users\polo3\Documents\GitHub\AngryBirds\AngryBirds\PhysicsProject\Scene.cpp(231,57): warning C4244: 'argument': conversion from 'const double' to 'float', possible loss of data
C:\Users\polo3\Documents\GitHub\AngryBirds\AngryBirds\PhysicsProject\Scene.cpp(233,57): warning C4244: 'argument': conversion from 'const double' to 'float', possible loss of data
C:\Users\polo3\Documents\GitHub\AngryBirds\AngryBirds\PhysicsProject\Scene.cpp(234,57): warning C4244: 'argument': conversion from 'const double' to 'float', possible loss of data
C:\Users\polo3\Documents\GitHub\AngryBirds\AngryBirds\PhysicsProject\Scene.cpp(235,57): warning C4244: 'argument': conversion from 'const double' to 'float', possible loss of data
C:\Users\polo3\Documents\GitHub\AngryBirds\AngryBirds\PhysicsProject\Scene.cpp(236,57): warning C4244: 'argument': conversion from 'const double' to 'float', possible loss of data
C:\Users\polo3\Documents\GitHub\AngryBirds\AngryBirds\PhysicsProject\Scene.cpp(237,57): warning C4244: 'argument': conversion from 'const double' to 'float', possible loss of data
C:\Users\polo3\Documents\GitHub\AngryBirds\AngryBirds\PhysicsProject\Scene.cpp(239,57): warning C4244: 'argument': conversion from 'const double' to 'float', possible loss of data
C:\Users\polo3\Documents\GitHub\AngryBirds\AngryBirds\PhysicsProject\Scene.cpp(241,58): warning C4244: 'argument': conversion from 'const double' to 'float', possible loss of data
C:\Users\polo3\Documents\GitHub\AngryBirds\AngryBirds\PhysicsProject\Scene.cpp(243,58): warning C4244: 'argument': conversion from 'const double' to 'float', possible loss of data
C:\Users\polo3\Documents\GitHub\AngryBirds\AngryBirds\PhysicsProject\Scene.cpp(304,27): warning C4244: 'argument': conversion from 'const double' to 'float', possible loss of data
C:\Users\polo3\Documents\GitHub\AngryBirds\AngryBirds\PhysicsProject\Scene.cpp(336,24): warning C4244: 'argument': conversion from 'const double' to 'float', possible loss of data
C:\Users\polo3\Documents\GitHub\AngryBirds\AngryBirds\PhysicsProject\Scene.cpp(379,63): warning C4244: 'argument': conversion from 'unsigned __int64' to 'T', possible loss of data
          with
          [
              T=float
          ]
  main.cpp
  Object.cpp
C:\Users\polo3\Documents\GitHub\AngryBirds\AngryBirds\PhysicsProject\Object.cpp(45,39): warning C4244: '=': conversion from 'int' to 'float', possible loss of data
C:\Users\polo3\Documents\GitHub\AngryBirds\AngryBirds\PhysicsProject\Object.cpp(53,62): warning C4267: '=': conversion from 'size_t' to 'int', possible loss of data
C:\Users\polo3\Documents\GitHub\AngryBirds\AngryBirds\PhysicsProject\Object.cpp(88,64): warning C4244: 'argument': conversion from 'T' to 'float', possible loss of data
          with
          [
              T=unsigned int
          ]
C:\Users\polo3\Documents\GitHub\AngryBirds\AngryBirds\PhysicsProject\Object.cpp(88,39): warning C4244: 'argument': conversion from 'T' to 'float', possible loss of data
          with
          [
              T=unsigned int
          ]
  Generating code
  Previous IPDB not found, fall back to full compilation.
  All 532 functions were compiled because no usable IPDB/IOBJ from previous compilation was found.
  Finished generating code
  AngryBirds.vcxproj -> C:\Users\polo3\Documents\GitHub\AngryBirds\AngryBirds\x64\Release\PhysicsProject.exe
